<?xml version="1.0" encoding="UTF-8"?>
<!-- Generated by org.testng.reporters.JUnitXMLReporter -->
<testsuite ignored="0" hostname="Dell-22D23" failures="0" tests="3" name="Default test" time="11.189" errors="0" timestamp="2023-10-24T13:08:40 EET">
  <testcase classname="multiLogIn" name="LoginWithPerformanceUser" time="3.352"/>
  <testcase classname="multiLogIn" name="LoginWithProblemUser" time="3.276"/>
  <testcase classname="multiLogIn" name="LoginWithStandardUser" time="3.229"/>
</testsuite> <!-- Default test -->
